{"C:\\Labs\\Cours_2k20_2K21_2k22\\OpenClassRooms\\P_14_Jason_KANDO\\P14-HRnet\\dist\\assets\\404-DJmbOESG.js": {"path":"C:\\Labs\\Cours_2k20_2K21_2k22\\OpenClassRooms\\P_14_Jason_KANDO\\P14-HRnet\\dist\\assets\\404-DJmbOESG.js","all":true,"statementMap":{"0":{"start":{"line":1,"column":0},"end":{"line":1,"column":143}}},"s":{"0":0},"branchMap":{"0":{"type":"branch","line":1,"loc":{"start":{"line":1,"column":143},"end":{"line":1,"column":143}},"locations":[{"start":{"line":1,"column":143},"end":{"line":1,"column":143}}]}},"b":{"0":[0]},"fnMap":{"0":{"name":"(empty-report)","decl":{"start":{"line":1,"column":143},"end":{"line":1,"column":143}},"loc":{"start":{"line":1,"column":143},"end":{"line":1,"column":143}},"line":1}},"f":{"0":0}}
,"C:\\Labs\\Cours_2k20_2K21_2k22\\OpenClassRooms\\P_14_Jason_KANDO\\P14-HRnet\\dist\\assets\\employees-CZCwJ5dr.js": {"path":"C:\\Labs\\Cours_2k20_2K21_2k22\\OpenClassRooms\\P_14_Jason_KANDO\\P14-HRnet\\dist\\assets\\employees-CZCwJ5dr.js","all":true,"statementMap":{"0":{"start":{"line":1,"column":0},"end":{"line":1,"column":46080}},"1":{"start":{"line":2,"column":0},"end":{"line":2,"column":36254}},"2":{"start":{"line":3,"column":0},"end":{"line":3,"column":29}},"3":{"start":{"line":4,"column":0},"end":{"line":4,"column":2}},"4":{"start":{"line":5,"column":0},"end":{"line":5,"column":51}},"5":{"start":{"line":6,"column":0},"end":{"line":6,"column":2}},"6":{"start":{"line":7,"column":0},"end":{"line":7,"column":66}},"7":{"start":{"line":8,"column":0},"end":{"line":8,"column":58}},"8":{"start":{"line":9,"column":0},"end":{"line":9,"column":20036}},"9":{"start":{"line":10,"column":0},"end":{"line":10,"column":17}},"10":{"start":{"line":11,"column":0},"end":{"line":11,"column":25}},"11":{"start":{"line":12,"column":0},"end":{"line":12,"column":2}},"12":{"start":{"line":13,"column":0},"end":{"line":13,"column":53}},"13":{"start":{"line":14,"column":0},"end":{"line":14,"column":2}},"14":{"start":{"line":15,"column":0},"end":{"line":15,"column":66}},"15":{"start":{"line":16,"column":0},"end":{"line":16,"column":58}},"16":{"start":{"line":17,"column":0},"end":{"line":17,"column":39867}},"17":{"start":{"line":18,"column":0},"end":{"line":18,"column":5}},"18":{"start":{"line":19,"column":0},"end":{"line":19,"column":52}},"19":{"start":{"line":20,"column":0},"end":{"line":20,"column":23}},"20":{"start":{"line":21,"column":0},"end":{"line":21,"column":26}},"21":{"start":{"line":22,"column":0},"end":{"line":22,"column":25}},"22":{"start":{"line":23,"column":0},"end":{"line":23,"column":64}},"23":{"start":{"line":24,"column":0},"end":{"line":24,"column":22}},"24":{"start":{"line":25,"column":0},"end":{"line":25,"column":64}},"25":{"start":{"line":26,"column":0},"end":{"line":26,"column":12}},"26":{"start":{"line":27,"column":0},"end":{"line":27,"column":65}},"27":{"start":{"line":28,"column":0},"end":{"line":28,"column":5}},"28":{"start":{"line":29,"column":0},"end":{"line":29,"column":3}},"29":{"start":{"line":30,"column":0},"end":{"line":30,"column":25}},"30":{"start":{"line":31,"column":0},"end":{"line":31,"column":63}},"31":{"start":{"line":32,"column":0},"end":{"line":32,"column":3}},"32":{"start":{"line":33,"column":0},"end":{"line":33,"column":24}},"33":{"start":{"line":34,"column":0},"end":{"line":34,"column":62}},"34":{"start":{"line":35,"column":0},"end":{"line":35,"column":3}},"35":{"start":{"line":36,"column":0},"end":{"line":36,"column":20}},"36":{"start":{"line":37,"column":0},"end":{"line":37,"column":43}},"37":{"start":{"line":38,"column":0},"end":{"line":38,"column":3}},"38":{"start":{"line":39,"column":0},"end":{"line":39,"column":15109}},"39":{"start":{"line":40,"column":0},"end":{"line":40,"column":2840}},"40":{"start":{"line":41,"column":0},"end":{"line":41,"column":119404}},"41":{"start":{"line":42,"column":0},"end":{"line":42,"column":4194}},"42":{"start":{"line":43,"column":0},"end":{"line":43,"column":6}},"43":{"start":{"line":44,"column":0},"end":{"line":44,"column":24}},"44":{"start":{"line":45,"column":0},"end":{"line":45,"column":17}},"45":{"start":{"line":46,"column":0},"end":{"line":46,"column":3}},"47":{"start":{"line":48,"column":0},"end":{"line":48,"column":8}},"48":{"start":{"line":49,"column":0},"end":{"line":49,"column":24}},"49":{"start":{"line":50,"column":0},"end":{"line":50,"column":17}},"50":{"start":{"line":51,"column":0},"end":{"line":51,"column":3}},"51":{"start":{"line":52,"column":0},"end":{"line":52,"column":21}},"52":{"start":{"line":53,"column":0},"end":{"line":53,"column":6}},"53":{"start":{"line":54,"column":0},"end":{"line":54,"column":15}},"54":{"start":{"line":55,"column":0},"end":{"line":55,"column":3}},"56":{"start":{"line":57,"column":0},"end":{"line":57,"column":8}},"57":{"start":{"line":58,"column":0},"end":{"line":58,"column":15}},"58":{"start":{"line":59,"column":0},"end":{"line":59,"column":3}},"59":{"start":{"line":60,"column":0},"end":{"line":60,"column":21}},"60":{"start":{"line":61,"column":0},"end":{"line":61,"column":6}},"61":{"start":{"line":62,"column":0},"end":{"line":62,"column":24}},"62":{"start":{"line":63,"column":0},"end":{"line":63,"column":3}},"64":{"start":{"line":65,"column":0},"end":{"line":65,"column":7}},"65":{"start":{"line":66,"column":0},"end":{"line":66,"column":27}},"66":{"start":{"line":67,"column":0},"end":{"line":67,"column":3}},"68":{"start":{"line":69,"column":0},"end":{"line":69,"column":8}},"69":{"start":{"line":70,"column":0},"end":{"line":70,"column":24}},"70":{"start":{"line":71,"column":0},"end":{"line":71,"column":3}},"71":{"start":{"line":72,"column":0},"end":{"line":72,"column":237}},"72":{"start":{"line":73,"column":0},"end":{"line":73,"column":13}},"73":{"start":{"line":74,"column":0},"end":{"line":74,"column":21}},"75":{"start":{"line":76,"column":0},"end":{"line":76,"column":10}},"76":{"start":{"line":77,"column":0},"end":{"line":77,"column":17}},"77":{"start":{"line":78,"column":0},"end":{"line":78,"column":24}},"78":{"start":{"line":79,"column":0},"end":{"line":79,"column":25}},"79":{"start":{"line":80,"column":0},"end":{"line":80,"column":31}},"80":{"start":{"line":81,"column":0},"end":{"line":81,"column":36}},"81":{"start":{"line":82,"column":0},"end":{"line":82,"column":3}},"83":{"start":{"line":84,"column":0},"end":{"line":84,"column":10}},"84":{"start":{"line":85,"column":0},"end":{"line":85,"column":31}},"85":{"start":{"line":86,"column":0},"end":{"line":86,"column":3}},"87":{"start":{"line":88,"column":0},"end":{"line":88,"column":11}},"88":{"start":{"line":89,"column":0},"end":{"line":89,"column":15}},"89":{"start":{"line":90,"column":0},"end":{"line":90,"column":19}},"90":{"start":{"line":91,"column":0},"end":{"line":91,"column":16}},"91":{"start":{"line":92,"column":0},"end":{"line":92,"column":17}},"92":{"start":{"line":93,"column":0},"end":{"line":93,"column":23}},"93":{"start":{"line":94,"column":0},"end":{"line":94,"column":35}},"94":{"start":{"line":95,"column":0},"end":{"line":95,"column":3}},"96":{"start":{"line":97,"column":0},"end":{"line":97,"column":11}},"97":{"start":{"line":98,"column":0},"end":{"line":98,"column":15}},"98":{"start":{"line":99,"column":0},"end":{"line":99,"column":25}},"99":{"start":{"line":100,"column":0},"end":{"line":100,"column":31}},"100":{"start":{"line":101,"column":0},"end":{"line":101,"column":36}},"101":{"start":{"line":102,"column":0},"end":{"line":102,"column":3}},"103":{"start":{"line":104,"column":0},"end":{"line":104,"column":11}},"104":{"start":{"line":105,"column":0},"end":{"line":105,"column":23}},"105":{"start":{"line":106,"column":0},"end":{"line":106,"column":17}},"106":{"start":{"line":107,"column":0},"end":{"line":107,"column":14}},"107":{"start":{"line":108,"column":0},"end":{"line":108,"column":11}},"108":{"start":{"line":109,"column":0},"end":{"line":109,"column":25}},"109":{"start":{"line":110,"column":0},"end":{"line":110,"column":31}},"110":{"start":{"line":111,"column":0},"end":{"line":111,"column":36}},"111":{"start":{"line":112,"column":0},"end":{"line":112,"column":40}},"112":{"start":{"line":113,"column":0},"end":{"line":113,"column":27}},"113":{"start":{"line":114,"column":0},"end":{"line":114,"column":3}},"114":{"start":{"line":115,"column":0},"end":{"line":115,"column":17055}},"115":{"start":{"line":116,"column":0},"end":{"line":116,"column":44118}},"116":{"start":{"line":117,"column":0},"end":{"line":117,"column":88655}},"117":{"start":{"line":118,"column":0},"end":{"line":118,"column":24155}},"118":{"start":{"line":119,"column":0},"end":{"line":119,"column":5173}},"119":{"start":{"line":120,"column":0},"end":{"line":120,"column":2812}},"120":{"start":{"line":121,"column":0},"end":{"line":121,"column":1153}},"121":{"start":{"line":122,"column":0},"end":{"line":122,"column":9684}},"122":{"start":{"line":123,"column":0},"end":{"line":123,"column":2079}},"123":{"start":{"line":124,"column":0},"end":{"line":124,"column":5589}},"124":{"start":{"line":125,"column":0},"end":{"line":125,"column":1514}},"125":{"start":{"line":126,"column":0},"end":{"line":126,"column":1342}},"126":{"start":{"line":127,"column":0},"end":{"line":127,"column":4307}},"127":{"start":{"line":128,"column":0},"end":{"line":128,"column":25326}},"128":{"start":{"line":129,"column":0},"end":{"line":129,"column":3522}},"129":{"start":{"line":130,"column":0},"end":{"line":130,"column":15}},"130":{"start":{"line":131,"column":0},"end":{"line":131,"column":72}},"131":{"start":{"line":132,"column":0},"end":{"line":132,"column":22}},"132":{"start":{"line":133,"column":0},"end":{"line":133,"column":9}},"133":{"start":{"line":134,"column":0},"end":{"line":134,"column":22}},"134":{"start":{"line":135,"column":0},"end":{"line":135,"column":18}},"135":{"start":{"line":136,"column":0},"end":{"line":136,"column":62}},"136":{"start":{"line":137,"column":0},"end":{"line":137,"column":81}},"137":{"start":{"line":138,"column":0},"end":{"line":138,"column":50}},"138":{"start":{"line":139,"column":0},"end":{"line":139,"column":13}},"139":{"start":{"line":140,"column":0},"end":{"line":140,"column":9}},"140":{"start":{"line":141,"column":0},"end":{"line":141,"column":17827}},"141":{"start":{"line":142,"column":0},"end":{"line":142,"column":27611}},"142":{"start":{"line":143,"column":0},"end":{"line":143,"column":295}},"143":{"start":{"line":144,"column":0},"end":{"line":144,"column":101497}}},"s":{"0":0,"1":0,"2":0,"3":0,"4":0,"5":0,"6":0,"7":0,"8":0,"9":0,"10":0,"11":0,"12":0,"13":0,"14":0,"15":0,"16":0,"17":0,"18":0,"19":0,"20":0,"21":0,"22":0,"23":0,"24":0,"25":0,"26":0,"27":0,"28":0,"29":0,"30":0,"31":0,"32":0,"33":0,"34":0,"35":0,"36":0,"37":0,"38":0,"39":0,"40":0,"41":0,"42":0,"43":0,"44":0,"45":0,"47":0,"48":0,"49":0,"50":0,"51":0,"52":0,"53":0,"54":0,"56":0,"57":0,"58":0,"59":0,"60":0,"61":0,"62":0,"64":0,"65":0,"66":0,"68":0,"69":0,"70":0,"71":0,"72":0,"73":0,"75":0,"76":0,"77":0,"78":0,"79":0,"80":0,"81":0,"83":0,"84":0,"85":0,"87":0,"88":0,"89":0,"90":0,"91":0,"92":0,"93":0,"94":0,"96":0,"97":0,"98":0,"99":0,"100":0,"101":0,"103":0,"104":0,"105":0,"106":0,"107":0,"108":0,"109":0,"110":0,"111":0,"112":0,"113":0,"114":0,"115":0,"116":0,"117":0,"118":0,"119":0,"120":0,"121":0,"122":0,"123":0,"124":0,"125":0,"126":0,"127":0,"128":0,"129":0,"130":0,"131":0,"132":0,"133":0,"134":0,"135":0,"136":0,"137":0,"138":0,"139":0,"140":0,"141":0,"142":0,"143":0},"branchMap":{"0":{"type":"branch","line":1,"loc":{"start":{"line":1,"column":670315},"end":{"line":144,"column":101497}},"locations":[{"start":{"line":1,"column":670315},"end":{"line":144,"column":101497}}]}},"b":{"0":[0]},"fnMap":{"0":{"name":"(empty-report)","decl":{"start":{"line":1,"column":670315},"end":{"line":144,"column":101497}},"loc":{"start":{"line":1,"column":670315},"end":{"line":144,"column":101497}},"line":1}},"f":{"0":0}}
,"C:\\Labs\\Cours_2k20_2K21_2k22\\OpenClassRooms\\P_14_Jason_KANDO\\P14-HRnet\\dist\\assets\\home-nuW1VpXM.js": {"path":"C:\\Labs\\Cours_2k20_2K21_2k22\\OpenClassRooms\\P_14_Jason_KANDO\\P14-HRnet\\dist\\assets\\home-nuW1VpXM.js","all":true,"statementMap":{"0":{"start":{"line":1,"column":0},"end":{"line":1,"column":732}},"1":{"start":{"line":2,"column":0},"end":{"line":2,"column":6179}}},"s":{"0":0,"1":0},"branchMap":{"0":{"type":"branch","line":1,"loc":{"start":{"line":1,"column":6912},"end":{"line":2,"column":6179}},"locations":[{"start":{"line":1,"column":6912},"end":{"line":2,"column":6179}}]}},"b":{"0":[0]},"fnMap":{"0":{"name":"(empty-report)","decl":{"start":{"line":1,"column":6912},"end":{"line":2,"column":6179}},"loc":{"start":{"line":1,"column":6912},"end":{"line":2,"column":6179}},"line":1}},"f":{"0":0}}
,"C:\\Labs\\Cours_2k20_2K21_2k22\\OpenClassRooms\\P_14_Jason_KANDO\\P14-HRnet\\dist\\assets\\index-CQHvOFsf.js": {"path":"C:\\Labs\\Cours_2k20_2K21_2k22\\OpenClassRooms\\P_14_Jason_KANDO\\P14-HRnet\\dist\\assets\\index-CQHvOFsf.js","all":true,"statementMap":{"0":{"start":{"line":1,"column":0},"end":{"line":1,"column":193}},"1":{"start":{"line":2,"column":0},"end":{"line":2,"column":1807}},"2":{"start":{"line":3,"column":0},"end":{"line":3,"column":17}},"3":{"start":{"line":4,"column":0},"end":{"line":4,"column":26}},"4":{"start":{"line":5,"column":0},"end":{"line":5,"column":2}},"5":{"start":{"line":6,"column":0},"end":{"line":6,"column":51}},"6":{"start":{"line":7,"column":0},"end":{"line":7,"column":2}},"7":{"start":{"line":8,"column":0},"end":{"line":8,"column":66}},"8":{"start":{"line":9,"column":0},"end":{"line":9,"column":58}},"9":{"start":{"line":10,"column":0},"end":{"line":10,"column":6740}},"10":{"start":{"line":11,"column":0},"end":{"line":11,"column":17}},"11":{"start":{"line":12,"column":0},"end":{"line":12,"column":38}},"12":{"start":{"line":13,"column":0},"end":{"line":13,"column":2}},"13":{"start":{"line":14,"column":0},"end":{"line":14,"column":51}},"14":{"start":{"line":15,"column":0},"end":{"line":15,"column":2}},"15":{"start":{"line":16,"column":0},"end":{"line":16,"column":66}},"16":{"start":{"line":17,"column":0},"end":{"line":17,"column":58}},"17":{"start":{"line":18,"column":0},"end":{"line":18,"column":819}},"18":{"start":{"line":19,"column":0},"end":{"line":19,"column":17}},"19":{"start":{"line":20,"column":0},"end":{"line":20,"column":30}},"20":{"start":{"line":21,"column":0},"end":{"line":21,"column":2}},"21":{"start":{"line":22,"column":0},"end":{"line":22,"column":51}},"22":{"start":{"line":23,"column":0},"end":{"line":23,"column":2}},"23":{"start":{"line":24,"column":0},"end":{"line":24,"column":66}},"24":{"start":{"line":25,"column":0},"end":{"line":25,"column":58}},"25":{"start":{"line":26,"column":0},"end":{"line":26,"column":3986}},"26":{"start":{"line":27,"column":0},"end":{"line":27,"column":17}},"27":{"start":{"line":28,"column":0},"end":{"line":28,"column":30}},"28":{"start":{"line":29,"column":0},"end":{"line":29,"column":2}},"29":{"start":{"line":30,"column":0},"end":{"line":30,"column":51}},"30":{"start":{"line":31,"column":0},"end":{"line":31,"column":2}},"31":{"start":{"line":32,"column":0},"end":{"line":32,"column":66}},"32":{"start":{"line":33,"column":0},"end":{"line":33,"column":58}},"33":{"start":{"line":34,"column":0},"end":{"line":34,"column":6073}},"34":{"start":{"line":35,"column":0},"end":{"line":35,"column":508}},"35":{"start":{"line":36,"column":0},"end":{"line":36,"column":20}},"36":{"start":{"line":37,"column":0},"end":{"line":37,"column":153}},"37":{"start":{"line":38,"column":0},"end":{"line":38,"column":37527}},"38":{"start":{"line":39,"column":0},"end":{"line":39,"column":28029}},"39":{"start":{"line":40,"column":0},"end":{"line":40,"column":37}},"40":{"start":{"line":41,"column":0},"end":{"line":41,"column":72818}},"42":{"start":{"line":43,"column":0},"end":{"line":43,"column":21606}}},"s":{"0":0,"1":0,"2":0,"3":0,"4":0,"5":0,"6":0,"7":0,"8":0,"9":0,"10":0,"11":0,"12":0,"13":0,"14":0,"15":0,"16":0,"17":0,"18":0,"19":0,"20":0,"21":0,"22":0,"23":0,"24":0,"25":0,"26":0,"27":0,"28":0,"29":0,"30":0,"31":0,"32":0,"33":0,"34":0,"35":0,"36":0,"37":0,"38":0,"39":0,"40":0,"42":0},"branchMap":{"0":{"type":"branch","line":1,"loc":{"start":{"line":1,"column":181266},"end":{"line":43,"column":21606}},"locations":[{"start":{"line":1,"column":181266},"end":{"line":43,"column":21606}}]}},"b":{"0":[0]},"fnMap":{"0":{"name":"(empty-report)","decl":{"start":{"line":1,"column":181266},"end":{"line":43,"column":21606}},"loc":{"start":{"line":1,"column":181266},"end":{"line":43,"column":21606}},"line":1}},"f":{"0":0}}
,"C:\\Labs\\Cours_2k20_2K21_2k22\\OpenClassRooms\\P_14_Jason_KANDO\\P14-HRnet\\dist\\assets\\layout-oC-xHW3n.js": {"path":"C:\\Labs\\Cours_2k20_2K21_2k22\\OpenClassRooms\\P_14_Jason_KANDO\\P14-HRnet\\dist\\assets\\layout-oC-xHW3n.js","all":true,"statementMap":{"0":{"start":{"line":1,"column":0},"end":{"line":1,"column":194}}},"s":{"0":0},"branchMap":{"0":{"type":"branch","line":1,"loc":{"start":{"line":1,"column":194},"end":{"line":1,"column":194}},"locations":[{"start":{"line":1,"column":194},"end":{"line":1,"column":194}}]}},"b":{"0":[0]},"fnMap":{"0":{"name":"(empty-report)","decl":{"start":{"line":1,"column":194},"end":{"line":1,"column":194}},"loc":{"start":{"line":1,"column":194},"end":{"line":1,"column":194}},"line":1}},"f":{"0":0}}
,"C:\\Labs\\Cours_2k20_2K21_2k22\\OpenClassRooms\\P_14_Jason_KANDO\\P14-HRnet\\src\\App.jsx": {"path":"C:\\Labs\\Cours_2k20_2K21_2k22\\OpenClassRooms\\P_14_Jason_KANDO\\P14-HRnet\\src\\App.jsx","all":false,"statementMap":{"0":{"start":{"line":1,"column":0},"end":{"line":1,"column":18}},"1":{"start":{"line":2,"column":0},"end":{"line":2,"column":36}},"3":{"start":{"line":4,"column":0},"end":{"line":4,"column":16}},"5":{"start":{"line":6,"column":0},"end":{"line":6,"column":10}},"6":{"start":{"line":7,"column":0},"end":{"line":7,"column":12}},"8":{"start":{"line":9,"column":0},"end":{"line":9,"column":1}},"10":{"start":{"line":11,"column":0},"end":{"line":11,"column":18}}},"s":{"0":1,"1":1,"3":2,"5":2,"6":2,"8":2,"10":1},"branchMap":{"0":{"type":"branch","line":4,"loc":{"start":{"line":4,"column":0},"end":{"line":9,"column":1}},"locations":[{"start":{"line":4,"column":0},"end":{"line":9,"column":1}}]}},"b":{"0":[2]},"fnMap":{"0":{"name":"App","decl":{"start":{"line":4,"column":0},"end":{"line":9,"column":1}},"loc":{"start":{"line":4,"column":0},"end":{"line":9,"column":1}},"line":4}},"f":{"0":2}}
,"C:\\Labs\\Cours_2k20_2K21_2k22\\OpenClassRooms\\P_14_Jason_KANDO\\P14-HRnet\\src\\main.jsx": {"path":"C:\\Labs\\Cours_2k20_2K21_2k22\\OpenClassRooms\\P_14_Jason_KANDO\\P14-HRnet\\src\\main.jsx","all":true,"statementMap":{"0":{"start":{"line":1,"column":0},"end":{"line":1,"column":34}},"1":{"start":{"line":2,"column":0},"end":{"line":2,"column":45}},"2":{"start":{"line":3,"column":0},"end":{"line":3,"column":20}},"3":{"start":{"line":4,"column":0},"end":{"line":4,"column":27}},"5":{"start":{"line":6,"column":0},"end":{"line":6,"column":51}},"6":{"start":{"line":7,"column":0},"end":{"line":7,"column":13}},"7":{"start":{"line":8,"column":0},"end":{"line":8,"column":9}},"8":{"start":{"line":9,"column":0},"end":{"line":9,"column":15}},"9":{"start":{"line":10,"column":0},"end":{"line":10,"column":1}}},"s":{"0":0,"1":0,"2":0,"3":0,"5":0,"6":0,"7":0,"8":0,"9":0},"branchMap":{"0":{"type":"branch","line":1,"loc":{"start":{"line":1,"column":199},"end":{"line":10,"column":-143}},"locations":[{"start":{"line":1,"column":199},"end":{"line":10,"column":-143}}]}},"b":{"0":[0]},"fnMap":{"0":{"name":"(empty-report)","decl":{"start":{"line":1,"column":199},"end":{"line":10,"column":-143}},"loc":{"start":{"line":1,"column":199},"end":{"line":10,"column":-143}},"line":1}},"f":{"0":0}}
,"C:\\Labs\\Cours_2k20_2K21_2k22\\OpenClassRooms\\P_14_Jason_KANDO\\P14-HRnet\\src\\Component\\Header.jsx": {"path":"C:\\Labs\\Cours_2k20_2K21_2k22\\OpenClassRooms\\P_14_Jason_KANDO\\P14-HRnet\\src\\Component\\Header.jsx","all":false,"statementMap":{"0":{"start":{"line":1,"column":0},"end":{"line":1,"column":25}},"2":{"start":{"line":3,"column":0},"end":{"line":3,"column":34}},"3":{"start":{"line":4,"column":0},"end":{"line":4,"column":9}},"4":{"start":{"line":5,"column":0},"end":{"line":5,"column":26}},"5":{"start":{"line":6,"column":0},"end":{"line":6,"column":17}},"6":{"start":{"line":7,"column":0},"end":{"line":7,"column":8}},"8":{"start":{"line":9,"column":0},"end":{"line":9,"column":1}}},"s":{"0":1,"2":72,"3":72,"4":72,"5":72,"6":72,"8":72},"branchMap":{"0":{"type":"branch","line":3,"loc":{"start":{"line":3,"column":0},"end":{"line":9,"column":1}},"locations":[{"start":{"line":3,"column":0},"end":{"line":9,"column":1}}]}},"b":{"0":[72]},"fnMap":{"0":{"name":"Header","decl":{"start":{"line":3,"column":0},"end":{"line":9,"column":1}},"loc":{"start":{"line":3,"column":0},"end":{"line":9,"column":1}},"line":3}},"f":{"0":72}}
,"C:\\Labs\\Cours_2k20_2K21_2k22\\OpenClassRooms\\P_14_Jason_KANDO\\P14-HRnet\\src\\Component\\modal\\view\\modal.jsx": {"path":"C:\\Labs\\Cours_2k20_2K21_2k22\\OpenClassRooms\\P_14_Jason_KANDO\\P14-HRnet\\src\\Component\\modal\\view\\modal.jsx","all":true,"statementMap":{"0":{"start":{"line":1,"column":0},"end":{"line":1,"column":50}},"1":{"start":{"line":2,"column":0},"end":{"line":2,"column":35}},"2":{"start":{"line":3,"column":0},"end":{"line":3,"column":38}},"4":{"start":{"line":5,"column":0},"end":{"line":5,"column":56}},"6":{"start":{"line":7,"column":0},"end":{"line":7,"column":41}},"8":{"start":{"line":9,"column":0},"end":{"line":9,"column":18}},"9":{"start":{"line":10,"column":0},"end":{"line":10,"column":17}},"10":{"start":{"line":11,"column":0},"end":{"line":11,"column":14}},"12":{"start":{"line":13,"column":0},"end":{"line":13,"column":38}},"13":{"start":{"line":14,"column":0},"end":{"line":14,"column":16}},"14":{"start":{"line":15,"column":0},"end":{"line":15,"column":2}},"17":{"start":{"line":18,"column":0},"end":{"line":18,"column":19}},"18":{"start":{"line":19,"column":0},"end":{"line":19,"column":44}},"19":{"start":{"line":20,"column":0},"end":{"line":20,"column":25}},"20":{"start":{"line":21,"column":0},"end":{"line":21,"column":3}},"21":{"start":{"line":22,"column":0},"end":{"line":22,"column":25}},"23":{"start":{"line":24,"column":0},"end":{"line":24,"column":22}},"25":{"start":{"line":26,"column":0},"end":{"line":26,"column":9}},"26":{"start":{"line":27,"column":0},"end":{"line":27,"column":4}},"27":{"start":{"line":28,"column":0},"end":{"line":28,"column":14}},"28":{"start":{"line":29,"column":0},"end":{"line":29,"column":27}},"29":{"start":{"line":30,"column":0},"end":{"line":30,"column":36}},"30":{"start":{"line":31,"column":0},"end":{"line":31,"column":32}},"31":{"start":{"line":32,"column":0},"end":{"line":32,"column":80}},"33":{"start":{"line":34,"column":0},"end":{"line":34,"column":10}},"34":{"start":{"line":35,"column":0},"end":{"line":35,"column":63}},"35":{"start":{"line":36,"column":0},"end":{"line":36,"column":11}},"36":{"start":{"line":37,"column":0},"end":{"line":37,"column":10}},"38":{"start":{"line":39,"column":0},"end":{"line":39,"column":5}},"40":{"start":{"line":41,"column":0},"end":{"line":41,"column":1}}},"s":{"0":0,"1":0,"2":0,"4":0,"6":0,"8":0,"9":0,"10":0,"12":0,"13":0,"14":0,"17":0,"18":0,"19":0,"20":0,"21":0,"23":0,"25":0,"26":0,"27":0,"28":0,"29":0,"30":0,"31":0,"33":0,"34":0,"35":0,"36":0,"38":0,"40":0},"branchMap":{"0":{"type":"branch","line":1,"loc":{"start":{"line":1,"column":930},"end":{"line":41,"column":1}},"locations":[{"start":{"line":1,"column":930},"end":{"line":41,"column":1}}]}},"b":{"0":[0]},"fnMap":{"0":{"name":"(empty-report)","decl":{"start":{"line":1,"column":930},"end":{"line":41,"column":1}},"loc":{"start":{"line":1,"column":930},"end":{"line":41,"column":1}},"line":1}},"f":{"0":0}}
,"C:\\Labs\\Cours_2k20_2K21_2k22\\OpenClassRooms\\P_14_Jason_KANDO\\P14-HRnet\\src\\Page\\404\\views\\404.jsx": {"path":"C:\\Labs\\Cours_2k20_2K21_2k22\\OpenClassRooms\\P_14_Jason_KANDO\\P14-HRnet\\src\\Page\\404\\views\\404.jsx","all":false,"statementMap":{"0":{"start":{"line":1,"column":0},"end":{"line":1,"column":25}},"2":{"start":{"line":3,"column":0},"end":{"line":3,"column":24}},"3":{"start":{"line":4,"column":0},"end":{"line":4,"column":9}},"4":{"start":{"line":5,"column":0},"end":{"line":5,"column":56}},"6":{"start":{"line":7,"column":0},"end":{"line":7,"column":1}},"8":{"start":{"line":9,"column":0},"end":{"line":9,"column":23}}},"s":{"0":1,"2":1,"3":5,"4":5,"6":5,"8":1},"branchMap":{"0":{"type":"branch","line":3,"loc":{"start":{"line":3,"column":17},"end":{"line":7,"column":1}},"locations":[{"start":{"line":3,"column":17},"end":{"line":7,"column":1}}]}},"b":{"0":[5]},"fnMap":{"0":{"name":"NotFound","decl":{"start":{"line":3,"column":17},"end":{"line":7,"column":1}},"loc":{"start":{"line":3,"column":17},"end":{"line":7,"column":1}},"line":3}},"f":{"0":5}}
,"C:\\Labs\\Cours_2k20_2K21_2k22\\OpenClassRooms\\P_14_Jason_KANDO\\P14-HRnet\\src\\Page\\Employe\\views\\employees.jsx": {"path":"C:\\Labs\\Cours_2k20_2K21_2k22\\OpenClassRooms\\P_14_Jason_KANDO\\P14-HRnet\\src\\Page\\Employe\\views\\employees.jsx","all":false,"statementMap":{"0":{"start":{"line":1,"column":0},"end":{"line":1,"column":25}},"1":{"start":{"line":2,"column":0},"end":{"line":2,"column":38}},"2":{"start":{"line":3,"column":0},"end":{"line":3,"column":42}},"3":{"start":{"line":4,"column":0},"end":{"line":4,"column":38}},"5":{"start":{"line":6,"column":0},"end":{"line":6,"column":37}},"7":{"start":{"line":8,"column":0},"end":{"line":8,"column":52}},"8":{"start":{"line":9,"column":0},"end":{"line":9,"column":62}},"9":{"start":{"line":10,"column":0},"end":{"line":10,"column":18}},"10":{"start":{"line":11,"column":0},"end":{"line":11,"column":15}},"11":{"start":{"line":12,"column":0},"end":{"line":12,"column":14}},"12":{"start":{"line":13,"column":0},"end":{"line":13,"column":16}},"13":{"start":{"line":14,"column":0},"end":{"line":14,"column":16}},"14":{"start":{"line":15,"column":0},"end":{"line":15,"column":19}},"15":{"start":{"line":16,"column":0},"end":{"line":16,"column":11}},"16":{"start":{"line":17,"column":0},"end":{"line":17,"column":9}},"17":{"start":{"line":18,"column":0},"end":{"line":18,"column":10}},"18":{"start":{"line":19,"column":0},"end":{"line":19,"column":13}},"19":{"start":{"line":20,"column":0},"end":{"line":20,"column":2}},"21":{"start":{"line":22,"column":0},"end":{"line":22,"column":55}},"23":{"start":{"line":24,"column":0},"end":{"line":24,"column":23}},"24":{"start":{"line":25,"column":0},"end":{"line":25,"column":22}},"25":{"start":{"line":26,"column":0},"end":{"line":26,"column":21}},"26":{"start":{"line":27,"column":0},"end":{"line":27,"column":24}},"27":{"start":{"line":28,"column":0},"end":{"line":28,"column":24}},"28":{"start":{"line":29,"column":0},"end":{"line":29,"column":22}},"29":{"start":{"line":30,"column":0},"end":{"line":30,"column":19}},"30":{"start":{"line":31,"column":0},"end":{"line":31,"column":17}},"31":{"start":{"line":32,"column":0},"end":{"line":32,"column":18}},"32":{"start":{"line":33,"column":0},"end":{"line":33,"column":20}},"33":{"start":{"line":34,"column":0},"end":{"line":34,"column":3}},"35":{"start":{"line":36,"column":0},"end":{"line":36,"column":20}},"36":{"start":{"line":37,"column":0},"end":{"line":37,"column":3}},"38":{"start":{"line":39,"column":0},"end":{"line":39,"column":19}},"40":{"start":{"line":41,"column":0},"end":{"line":41,"column":25}},"41":{"start":{"line":42,"column":0},"end":{"line":42,"column":55}},"42":{"start":{"line":43,"column":0},"end":{"line":43,"column":49}},"43":{"start":{"line":44,"column":0},"end":{"line":44,"column":43}},"44":{"start":{"line":45,"column":0},"end":{"line":45,"column":15}},"45":{"start":{"line":46,"column":0},"end":{"line":46,"column":15}},"46":{"start":{"line":47,"column":0},"end":{"line":47,"column":16}},"47":{"start":{"line":48,"column":0},"end":{"line":48,"column":73}},"48":{"start":{"line":49,"column":0},"end":{"line":49,"column":35}},"51":{"start":{"line":52,"column":0},"end":{"line":52,"column":22}},"52":{"start":{"line":53,"column":0},"end":{"line":53,"column":30}},"53":{"start":{"line":54,"column":0},"end":{"line":54,"column":5}},"54":{"start":{"line":55,"column":0},"end":{"line":55,"column":12}},"55":{"start":{"line":56,"column":0},"end":{"line":56,"column":15}},"56":{"start":{"line":57,"column":0},"end":{"line":57,"column":21}},"57":{"start":{"line":58,"column":0},"end":{"line":58,"column":19}},"58":{"start":{"line":59,"column":0},"end":{"line":59,"column":5}},"59":{"start":{"line":60,"column":0},"end":{"line":60,"column":13}},"60":{"start":{"line":61,"column":0},"end":{"line":61,"column":21}},"61":{"start":{"line":62,"column":0},"end":{"line":62,"column":32}},"62":{"start":{"line":63,"column":0},"end":{"line":63,"column":32}},"63":{"start":{"line":64,"column":0},"end":{"line":64,"column":5}},"64":{"start":{"line":65,"column":0},"end":{"line":65,"column":17}},"65":{"start":{"line":66,"column":0},"end":{"line":66,"column":26}},"66":{"start":{"line":67,"column":0},"end":{"line":67,"column":41}},"67":{"start":{"line":68,"column":0},"end":{"line":68,"column":5}},"68":{"start":{"line":69,"column":0},"end":{"line":69,"column":4}},"69":{"start":{"line":70,"column":0},"end":{"line":70,"column":78}},"70":{"start":{"line":71,"column":0},"end":{"line":71,"column":39}},"71":{"start":{"line":72,"column":0},"end":{"line":72,"column":56}},"72":{"start":{"line":73,"column":0},"end":{"line":73,"column":11}},"73":{"start":{"line":74,"column":0},"end":{"line":74,"column":11}},"74":{"start":{"line":75,"column":0},"end":{"line":75,"column":9}},"75":{"start":{"line":76,"column":0},"end":{"line":76,"column":25}},"76":{"start":{"line":77,"column":0},"end":{"line":77,"column":112}},"77":{"start":{"line":78,"column":0},"end":{"line":78,"column":60}},"78":{"start":{"line":79,"column":0},"end":{"line":79,"column":109}},"79":{"start":{"line":80,"column":0},"end":{"line":80,"column":51}},"81":{"start":{"line":82,"column":0},"end":{"line":82,"column":17}},"82":{"start":{"line":83,"column":0},"end":{"line":83,"column":30}},"83":{"start":{"line":84,"column":0},"end":{"line":84,"column":70}},"85":{"start":{"line":86,"column":0},"end":{"line":86,"column":46}},"86":{"start":{"line":87,"column":0},"end":{"line":87,"column":56}},"87":{"start":{"line":88,"column":0},"end":{"line":88,"column":14}},"88":{"start":{"line":89,"column":0},"end":{"line":89,"column":19}},"89":{"start":{"line":90,"column":0},"end":{"line":90,"column":16}},"90":{"start":{"line":91,"column":0},"end":{"line":91,"column":108}},"92":{"start":{"line":93,"column":0},"end":{"line":93,"column":18}},"93":{"start":{"line":94,"column":0},"end":{"line":94,"column":25}},"94":{"start":{"line":95,"column":0},"end":{"line":95,"column":106}},"96":{"start":{"line":97,"column":0},"end":{"line":97,"column":18}},"97":{"start":{"line":98,"column":0},"end":{"line":98,"column":14}},"98":{"start":{"line":99,"column":0},"end":{"line":99,"column":12}},"100":{"start":{"line":101,"column":0},"end":{"line":101,"column":11}},"101":{"start":{"line":102,"column":0},"end":{"line":102,"column":10}},"102":{"start":{"line":103,"column":0},"end":{"line":103,"column":12}},"105":{"start":{"line":106,"column":0},"end":{"line":106,"column":3}},"106":{"start":{"line":107,"column":0},"end":{"line":107,"column":2}},"108":{"start":{"line":109,"column":0},"end":{"line":109,"column":9}},"110":{"start":{"line":111,"column":0},"end":{"line":111,"column":45}},"111":{"start":{"line":112,"column":0},"end":{"line":112,"column":43}},"112":{"start":{"line":113,"column":0},"end":{"line":113,"column":25}},"113":{"start":{"line":114,"column":0},"end":{"line":114,"column":22}},"114":{"start":{"line":115,"column":0},"end":{"line":115,"column":23}},"115":{"start":{"line":116,"column":0},"end":{"line":116,"column":5}},"116":{"start":{"line":117,"column":0},"end":{"line":117,"column":34}},"117":{"start":{"line":118,"column":0},"end":{"line":118,"column":8}},"119":{"start":{"line":120,"column":0},"end":{"line":120,"column":1}}},"s":{"0":1,"1":1,"2":1,"3":1,"5":10,"7":10,"8":10,"9":10,"10":10,"11":10,"12":10,"13":10,"14":10,"15":10,"16":10,"17":10,"18":10,"19":10,"21":10,"23":106,"24":106,"25":106,"26":106,"27":106,"28":106,"29":106,"30":106,"31":106,"32":106,"33":106,"35":106,"36":10,"38":10,"40":10,"41":10,"42":10,"43":10,"44":10,"45":10,"46":10,"47":10,"48":10,"51":10,"52":10,"53":10,"54":10,"55":10,"56":10,"57":10,"58":10,"59":10,"60":10,"61":10,"62":10,"63":10,"64":10,"65":10,"66":10,"67":10,"68":10,"69":10,"70":11,"71":11,"72":11,"73":11,"74":11,"75":11,"76":11,"77":11,"78":11,"79":11,"81":11,"82":11,"83":11,"85":11,"86":55,"87":11,"88":11,"89":11,"90":11,"92":11,"93":11,"94":11,"96":11,"97":11,"98":11,"100":11,"101":11,"102":11,"105":11,"106":10,"108":10,"110":10,"111":10,"112":10,"113":10,"114":10,"115":10,"116":10,"117":10,"119":10},"branchMap":{"0":{"type":"branch","line":6,"loc":{"start":{"line":6,"column":0},"end":{"line":120,"column":1}},"locations":[{"start":{"line":6,"column":0},"end":{"line":120,"column":1}}]},"1":{"type":"branch","line":9,"loc":{"start":{"line":9,"column":24},"end":{"line":9,"column":60}},"locations":[{"start":{"line":9,"column":24},"end":{"line":9,"column":60}}]},"2":{"type":"branch","line":9,"loc":{"start":{"line":9,"column":56},"end":{"line":9,"column":62}},"locations":[{"start":{"line":9,"column":56},"end":{"line":9,"column":62}}]},"3":{"type":"branch","line":22,"loc":{"start":{"line":22,"column":42},"end":{"line":37,"column":2}},"locations":[{"start":{"line":22,"column":42},"end":{"line":37,"column":2}}]},"4":{"type":"branch","line":70,"loc":{"start":{"line":70,"column":16},"end":{"line":106,"column":3}},"locations":[{"start":{"line":70,"column":16},"end":{"line":106,"column":3}}]},"5":{"type":"branch","line":86,"loc":{"start":{"line":86,"column":36},"end":{"line":87,"column":56}},"locations":[{"start":{"line":86,"column":36},"end":{"line":87,"column":56}}]}},"b":{"0":[10],"1":[5],"2":[5],"3":[106],"4":[11],"5":[55]},"fnMap":{"0":{"name":"Employees","decl":{"start":{"line":6,"column":0},"end":{"line":120,"column":1}},"loc":{"start":{"line":6,"column":0},"end":{"line":120,"column":1}},"line":6},"1":{"name":"customFooter","decl":{"start":{"line":70,"column":16},"end":{"line":106,"column":3}},"loc":{"start":{"line":70,"column":16},"end":{"line":106,"column":3}},"line":70},"2":{"name":"onChange","decl":{"start":{"line":84,"column":21},"end":{"line":84,"column":70}},"loc":{"start":{"line":84,"column":21},"end":{"line":84,"column":70}},"line":84},"3":{"name":"onClick","decl":{"start":{"line":91,"column":58},"end":{"line":91,"column":86}},"loc":{"start":{"line":91,"column":58},"end":{"line":91,"column":86}},"line":91},"4":{"name":"onClick","decl":{"start":{"line":95,"column":55},"end":{"line":95,"column":83}},"loc":{"start":{"line":95,"column":55},"end":{"line":95,"column":83}},"line":95}},"f":{"0":10,"1":11,"2":0,"3":0,"4":0}}
,"C:\\Labs\\Cours_2k20_2K21_2k22\\OpenClassRooms\\P_14_Jason_KANDO\\P14-HRnet\\src\\Page\\Home\\views\\home.jsx": {"path":"C:\\Labs\\Cours_2k20_2K21_2k22\\OpenClassRooms\\P_14_Jason_KANDO\\P14-HRnet\\src\\Page\\Home\\views\\home.jsx","all":false,"statementMap":{"0":{"start":{"line":1,"column":0},"end":{"line":1,"column":49}},"1":{"start":{"line":2,"column":0},"end":{"line":2,"column":34}},"2":{"start":{"line":3,"column":0},"end":{"line":3,"column":38}},"3":{"start":{"line":4,"column":0},"end":{"line":4,"column":46}},"4":{"start":{"line":5,"column":0},"end":{"line":5,"column":50}},"5":{"start":{"line":6,"column":0},"end":{"line":6,"column":59}},"10":{"start":{"line":11,"column":0},"end":{"line":11,"column":32}},"11":{"start":{"line":12,"column":0},"end":{"line":12,"column":19}},"12":{"start":{"line":13,"column":0},"end":{"line":13,"column":2}},"13":{"start":{"line":14,"column":0},"end":{"line":14,"column":20}},"14":{"start":{"line":15,"column":0},"end":{"line":15,"column":22}},"15":{"start":{"line":16,"column":0},"end":{"line":16,"column":3}},"16":{"start":{"line":17,"column":0},"end":{"line":17,"column":2}},"17":{"start":{"line":18,"column":0},"end":{"line":18,"column":19}},"18":{"start":{"line":19,"column":0},"end":{"line":19,"column":22}},"19":{"start":{"line":20,"column":0},"end":{"line":20,"column":3}},"20":{"start":{"line":21,"column":0},"end":{"line":21,"column":2}},"21":{"start":{"line":22,"column":0},"end":{"line":22,"column":27}},"22":{"start":{"line":23,"column":0},"end":{"line":23,"column":22}},"23":{"start":{"line":24,"column":0},"end":{"line":24,"column":3}},"24":{"start":{"line":25,"column":0},"end":{"line":25,"column":2}},"25":{"start":{"line":26,"column":0},"end":{"line":26,"column":20}},"26":{"start":{"line":27,"column":0},"end":{"line":27,"column":22}},"27":{"start":{"line":28,"column":0},"end":{"line":28,"column":3}},"28":{"start":{"line":29,"column":0},"end":{"line":29,"column":2}},"29":{"start":{"line":30,"column":0},"end":{"line":30,"column":21}},"30":{"start":{"line":31,"column":0},"end":{"line":31,"column":22}},"31":{"start":{"line":32,"column":0},"end":{"line":32,"column":3}},"32":{"start":{"line":33,"column":0},"end":{"line":33,"column":2}},"33":{"start":{"line":34,"column":0},"end":{"line":34,"column":23}},"34":{"start":{"line":35,"column":0},"end":{"line":35,"column":22}},"35":{"start":{"line":36,"column":0},"end":{"line":36,"column":3}},"36":{"start":{"line":37,"column":0},"end":{"line":37,"column":2}},"37":{"start":{"line":38,"column":0},"end":{"line":38,"column":21}},"38":{"start":{"line":39,"column":0},"end":{"line":39,"column":22}},"39":{"start":{"line":40,"column":0},"end":{"line":40,"column":3}},"40":{"start":{"line":41,"column":0},"end":{"line":41,"column":2}},"41":{"start":{"line":42,"column":0},"end":{"line":42,"column":24}},"42":{"start":{"line":43,"column":0},"end":{"line":43,"column":22}},"43":{"start":{"line":44,"column":0},"end":{"line":44,"column":3}},"44":{"start":{"line":45,"column":0},"end":{"line":45,"column":2}},"45":{"start":{"line":46,"column":0},"end":{"line":46,"column":21}},"46":{"start":{"line":47,"column":0},"end":{"line":47,"column":22}},"47":{"start":{"line":48,"column":0},"end":{"line":48,"column":3}},"48":{"start":{"line":49,"column":0},"end":{"line":49,"column":2}},"49":{"start":{"line":50,"column":0},"end":{"line":50,"column":33}},"50":{"start":{"line":51,"column":0},"end":{"line":51,"column":22}},"51":{"start":{"line":52,"column":0},"end":{"line":52,"column":3}},"52":{"start":{"line":53,"column":0},"end":{"line":53,"column":2}},"53":{"start":{"line":54,"column":0},"end":{"line":54,"column":43}},"54":{"start":{"line":55,"column":0},"end":{"line":55,"column":22}},"55":{"start":{"line":56,"column":0},"end":{"line":56,"column":3}},"56":{"start":{"line":57,"column":0},"end":{"line":57,"column":2}},"57":{"start":{"line":58,"column":0},"end":{"line":58,"column":20}},"58":{"start":{"line":59,"column":0},"end":{"line":59,"column":22}},"59":{"start":{"line":60,"column":0},"end":{"line":60,"column":3}},"60":{"start":{"line":61,"column":0},"end":{"line":61,"column":2}},"61":{"start":{"line":62,"column":0},"end":{"line":62,"column":20}},"62":{"start":{"line":63,"column":0},"end":{"line":63,"column":22}},"63":{"start":{"line":64,"column":0},"end":{"line":64,"column":3}},"64":{"start":{"line":65,"column":0},"end":{"line":65,"column":2}},"65":{"start":{"line":66,"column":0},"end":{"line":66,"column":17}},"66":{"start":{"line":67,"column":0},"end":{"line":67,"column":22}},"67":{"start":{"line":68,"column":0},"end":{"line":68,"column":3}},"68":{"start":{"line":69,"column":0},"end":{"line":69,"column":2}},"69":{"start":{"line":70,"column":0},"end":{"line":70,"column":19}},"70":{"start":{"line":71,"column":0},"end":{"line":71,"column":22}},"71":{"start":{"line":72,"column":0},"end":{"line":72,"column":3}},"72":{"start":{"line":73,"column":0},"end":{"line":73,"column":2}},"73":{"start":{"line":74,"column":0},"end":{"line":74,"column":18}},"74":{"start":{"line":75,"column":0},"end":{"line":75,"column":22}},"75":{"start":{"line":76,"column":0},"end":{"line":76,"column":3}},"76":{"start":{"line":77,"column":0},"end":{"line":77,"column":2}},"77":{"start":{"line":78,"column":0},"end":{"line":78,"column":21}},"78":{"start":{"line":79,"column":0},"end":{"line":79,"column":22}},"79":{"start":{"line":80,"column":0},"end":{"line":80,"column":3}},"80":{"start":{"line":81,"column":0},"end":{"line":81,"column":2}},"81":{"start":{"line":82,"column":0},"end":{"line":82,"column":20}},"82":{"start":{"line":83,"column":0},"end":{"line":83,"column":22}},"83":{"start":{"line":84,"column":0},"end":{"line":84,"column":3}},"84":{"start":{"line":85,"column":0},"end":{"line":85,"column":2}},"85":{"start":{"line":86,"column":0},"end":{"line":86,"column":17}},"86":{"start":{"line":87,"column":0},"end":{"line":87,"column":22}},"87":{"start":{"line":88,"column":0},"end":{"line":88,"column":3}},"88":{"start":{"line":89,"column":0},"end":{"line":89,"column":2}},"89":{"start":{"line":90,"column":0},"end":{"line":90,"column":19}},"90":{"start":{"line":91,"column":0},"end":{"line":91,"column":22}},"91":{"start":{"line":92,"column":0},"end":{"line":92,"column":3}},"92":{"start":{"line":93,"column":0},"end":{"line":93,"column":2}},"93":{"start":{"line":94,"column":0},"end":{"line":94,"column":21}},"94":{"start":{"line":95,"column":0},"end":{"line":95,"column":22}},"95":{"start":{"line":96,"column":0},"end":{"line":96,"column":3}},"96":{"start":{"line":97,"column":0},"end":{"line":97,"column":2}},"97":{"start":{"line":98,"column":0},"end":{"line":98,"column":22}},"98":{"start":{"line":99,"column":0},"end":{"line":99,"column":22}},"99":{"start":{"line":100,"column":0},"end":{"line":100,"column":3}},"100":{"start":{"line":101,"column":0},"end":{"line":101,"column":2}},"101":{"start":{"line":102,"column":0},"end":{"line":102,"column":18}},"102":{"start":{"line":103,"column":0},"end":{"line":103,"column":22}},"103":{"start":{"line":104,"column":0},"end":{"line":104,"column":3}},"104":{"start":{"line":105,"column":0},"end":{"line":105,"column":2}},"105":{"start":{"line":106,"column":0},"end":{"line":106,"column":29}},"106":{"start":{"line":107,"column":0},"end":{"line":107,"column":22}},"107":{"start":{"line":108,"column":0},"end":{"line":108,"column":3}},"108":{"start":{"line":109,"column":0},"end":{"line":109,"column":2}},"109":{"start":{"line":110,"column":0},"end":{"line":110,"column":21}},"110":{"start":{"line":111,"column":0},"end":{"line":111,"column":22}},"111":{"start":{"line":112,"column":0},"end":{"line":112,"column":3}},"112":{"start":{"line":113,"column":0},"end":{"line":113,"column":2}},"113":{"start":{"line":114,"column":0},"end":{"line":114,"column":26}},"114":{"start":{"line":115,"column":0},"end":{"line":115,"column":22}},"115":{"start":{"line":116,"column":0},"end":{"line":116,"column":3}},"116":{"start":{"line":117,"column":0},"end":{"line":117,"column":2}},"117":{"start":{"line":118,"column":0},"end":{"line":118,"column":21}},"118":{"start":{"line":119,"column":0},"end":{"line":119,"column":22}},"119":{"start":{"line":120,"column":0},"end":{"line":120,"column":3}},"120":{"start":{"line":121,"column":0},"end":{"line":121,"column":2}},"121":{"start":{"line":122,"column":0},"end":{"line":122,"column":22}},"122":{"start":{"line":123,"column":0},"end":{"line":123,"column":22}},"123":{"start":{"line":124,"column":0},"end":{"line":124,"column":3}},"124":{"start":{"line":125,"column":0},"end":{"line":125,"column":2}},"125":{"start":{"line":126,"column":0},"end":{"line":126,"column":24}},"126":{"start":{"line":127,"column":0},"end":{"line":127,"column":22}},"127":{"start":{"line":128,"column":0},"end":{"line":128,"column":3}},"128":{"start":{"line":129,"column":0},"end":{"line":129,"column":2}},"129":{"start":{"line":130,"column":0},"end":{"line":130,"column":21}},"130":{"start":{"line":131,"column":0},"end":{"line":131,"column":22}},"131":{"start":{"line":132,"column":0},"end":{"line":132,"column":3}},"132":{"start":{"line":133,"column":0},"end":{"line":133,"column":2}},"133":{"start":{"line":134,"column":0},"end":{"line":134,"column":20}},"134":{"start":{"line":135,"column":0},"end":{"line":135,"column":22}},"135":{"start":{"line":136,"column":0},"end":{"line":136,"column":3}},"136":{"start":{"line":137,"column":0},"end":{"line":137,"column":2}},"137":{"start":{"line":138,"column":0},"end":{"line":138,"column":21}},"138":{"start":{"line":139,"column":0},"end":{"line":139,"column":22}},"139":{"start":{"line":140,"column":0},"end":{"line":140,"column":3}},"140":{"start":{"line":141,"column":0},"end":{"line":141,"column":2}},"141":{"start":{"line":142,"column":0},"end":{"line":142,"column":19}},"142":{"start":{"line":143,"column":0},"end":{"line":143,"column":22}},"143":{"start":{"line":144,"column":0},"end":{"line":144,"column":3}},"144":{"start":{"line":145,"column":0},"end":{"line":145,"column":2}},"145":{"start":{"line":146,"column":0},"end":{"line":146,"column":26}},"146":{"start":{"line":147,"column":0},"end":{"line":147,"column":22}},"147":{"start":{"line":148,"column":0},"end":{"line":148,"column":3}},"148":{"start":{"line":149,"column":0},"end":{"line":149,"column":2}},"149":{"start":{"line":150,"column":0},"end":{"line":150,"column":23}},"150":{"start":{"line":151,"column":0},"end":{"line":151,"column":22}},"151":{"start":{"line":152,"column":0},"end":{"line":152,"column":3}},"152":{"start":{"line":153,"column":0},"end":{"line":153,"column":2}},"153":{"start":{"line":154,"column":0},"end":{"line":154,"column":23}},"154":{"start":{"line":155,"column":0},"end":{"line":155,"column":22}},"155":{"start":{"line":156,"column":0},"end":{"line":156,"column":3}},"156":{"start":{"line":157,"column":0},"end":{"line":157,"column":2}},"157":{"start":{"line":158,"column":0},"end":{"line":158,"column":21}},"158":{"start":{"line":159,"column":0},"end":{"line":159,"column":22}},"159":{"start":{"line":160,"column":0},"end":{"line":160,"column":3}},"160":{"start":{"line":161,"column":0},"end":{"line":161,"column":2}},"161":{"start":{"line":162,"column":0},"end":{"line":162,"column":27}},"162":{"start":{"line":163,"column":0},"end":{"line":163,"column":22}},"163":{"start":{"line":164,"column":0},"end":{"line":164,"column":3}},"164":{"start":{"line":165,"column":0},"end":{"line":165,"column":2}},"165":{"start":{"line":166,"column":0},"end":{"line":166,"column":25}},"166":{"start":{"line":167,"column":0},"end":{"line":167,"column":22}},"167":{"start":{"line":168,"column":0},"end":{"line":168,"column":3}},"168":{"start":{"line":169,"column":0},"end":{"line":169,"column":2}},"169":{"start":{"line":170,"column":0},"end":{"line":170,"column":37}},"170":{"start":{"line":171,"column":0},"end":{"line":171,"column":22}},"171":{"start":{"line":172,"column":0},"end":{"line":172,"column":3}},"172":{"start":{"line":173,"column":0},"end":{"line":173,"column":2}},"173":{"start":{"line":174,"column":0},"end":{"line":174,"column":17}},"174":{"start":{"line":175,"column":0},"end":{"line":175,"column":22}},"175":{"start":{"line":176,"column":0},"end":{"line":176,"column":3}},"176":{"start":{"line":177,"column":0},"end":{"line":177,"column":2}},"177":{"start":{"line":178,"column":0},"end":{"line":178,"column":21}},"178":{"start":{"line":179,"column":0},"end":{"line":179,"column":22}},"179":{"start":{"line":180,"column":0},"end":{"line":180,"column":3}},"180":{"start":{"line":181,"column":0},"end":{"line":181,"column":2}},"181":{"start":{"line":182,"column":0},"end":{"line":182,"column":19}},"182":{"start":{"line":183,"column":0},"end":{"line":183,"column":22}},"183":{"start":{"line":184,"column":0},"end":{"line":184,"column":3}},"184":{"start":{"line":185,"column":0},"end":{"line":185,"column":2}},"185":{"start":{"line":186,"column":0},"end":{"line":186,"column":18}},"186":{"start":{"line":187,"column":0},"end":{"line":187,"column":22}},"187":{"start":{"line":188,"column":0},"end":{"line":188,"column":3}},"188":{"start":{"line":189,"column":0},"end":{"line":189,"column":2}},"189":{"start":{"line":190,"column":0},"end":{"line":190,"column":25}},"190":{"start":{"line":191,"column":0},"end":{"line":191,"column":22}},"191":{"start":{"line":192,"column":0},"end":{"line":192,"column":3}},"192":{"start":{"line":193,"column":0},"end":{"line":193,"column":2}},"193":{"start":{"line":194,"column":0},"end":{"line":194,"column":24}},"194":{"start":{"line":195,"column":0},"end":{"line":195,"column":22}},"195":{"start":{"line":196,"column":0},"end":{"line":196,"column":3}},"196":{"start":{"line":197,"column":0},"end":{"line":197,"column":2}},"197":{"start":{"line":198,"column":0},"end":{"line":198,"column":25}},"198":{"start":{"line":199,"column":0},"end":{"line":199,"column":22}},"199":{"start":{"line":200,"column":0},"end":{"line":200,"column":3}},"200":{"start":{"line":201,"column":0},"end":{"line":201,"column":2}},"201":{"start":{"line":202,"column":0},"end":{"line":202,"column":27}},"202":{"start":{"line":203,"column":0},"end":{"line":203,"column":22}},"203":{"start":{"line":204,"column":0},"end":{"line":204,"column":3}},"204":{"start":{"line":205,"column":0},"end":{"line":205,"column":2}},"205":{"start":{"line":206,"column":0},"end":{"line":206,"column":25}},"206":{"start":{"line":207,"column":0},"end":{"line":207,"column":22}},"207":{"start":{"line":208,"column":0},"end":{"line":208,"column":3}},"208":{"start":{"line":209,"column":0},"end":{"line":209,"column":2}},"209":{"start":{"line":210,"column":0},"end":{"line":210,"column":22}},"210":{"start":{"line":211,"column":0},"end":{"line":211,"column":22}},"211":{"start":{"line":212,"column":0},"end":{"line":212,"column":3}},"212":{"start":{"line":213,"column":0},"end":{"line":213,"column":2}},"213":{"start":{"line":214,"column":0},"end":{"line":214,"column":18}},"214":{"start":{"line":215,"column":0},"end":{"line":215,"column":22}},"215":{"start":{"line":216,"column":0},"end":{"line":216,"column":3}},"216":{"start":{"line":217,"column":0},"end":{"line":217,"column":2}},"217":{"start":{"line":218,"column":0},"end":{"line":218,"column":17}},"218":{"start":{"line":219,"column":0},"end":{"line":219,"column":22}},"219":{"start":{"line":220,"column":0},"end":{"line":220,"column":3}},"220":{"start":{"line":221,"column":0},"end":{"line":221,"column":2}},"221":{"start":{"line":222,"column":0},"end":{"line":222,"column":20}},"222":{"start":{"line":223,"column":0},"end":{"line":223,"column":22}},"223":{"start":{"line":224,"column":0},"end":{"line":224,"column":3}},"224":{"start":{"line":225,"column":0},"end":{"line":225,"column":2}},"225":{"start":{"line":226,"column":0},"end":{"line":226,"column":27}},"226":{"start":{"line":227,"column":0},"end":{"line":227,"column":22}},"227":{"start":{"line":228,"column":0},"end":{"line":228,"column":3}},"228":{"start":{"line":229,"column":0},"end":{"line":229,"column":2}},"229":{"start":{"line":230,"column":0},"end":{"line":230,"column":21}},"230":{"start":{"line":231,"column":0},"end":{"line":231,"column":22}},"231":{"start":{"line":232,"column":0},"end":{"line":232,"column":3}},"232":{"start":{"line":233,"column":0},"end":{"line":233,"column":2}},"233":{"start":{"line":234,"column":0},"end":{"line":234,"column":23}},"234":{"start":{"line":235,"column":0},"end":{"line":235,"column":22}},"235":{"start":{"line":236,"column":0},"end":{"line":236,"column":3}},"236":{"start":{"line":237,"column":0},"end":{"line":237,"column":2}},"237":{"start":{"line":238,"column":0},"end":{"line":238,"column":26}},"238":{"start":{"line":239,"column":0},"end":{"line":239,"column":22}},"239":{"start":{"line":240,"column":0},"end":{"line":240,"column":3}},"240":{"start":{"line":241,"column":0},"end":{"line":241,"column":2}},"241":{"start":{"line":242,"column":0},"end":{"line":242,"column":22}},"242":{"start":{"line":243,"column":0},"end":{"line":243,"column":22}},"243":{"start":{"line":244,"column":0},"end":{"line":244,"column":3}},"244":{"start":{"line":245,"column":0},"end":{"line":245,"column":2}},"245":{"start":{"line":246,"column":0},"end":{"line":246,"column":20}},"246":{"start":{"line":247,"column":0},"end":{"line":247,"column":22}},"247":{"start":{"line":248,"column":0},"end":{"line":248,"column":2}},"248":{"start":{"line":249,"column":0},"end":{"line":249,"column":2}},"250":{"start":{"line":251,"column":0},"end":{"line":251,"column":23}},"251":{"start":{"line":252,"column":0},"end":{"line":252,"column":22}},"252":{"start":{"line":253,"column":0},"end":{"line":253,"column":24}},"253":{"start":{"line":254,"column":0},"end":{"line":254,"column":18}},"254":{"start":{"line":255,"column":0},"end":{"line":255,"column":28}},"255":{"start":{"line":256,"column":0},"end":{"line":256,"column":18}},"256":{"start":{"line":257,"column":0},"end":{"line":257,"column":2}},"258":{"start":{"line":259,"column":0},"end":{"line":259,"column":44}},"260":{"start":{"line":261,"column":0},"end":{"line":261,"column":10}},"261":{"start":{"line":262,"column":0},"end":{"line":262,"column":19}},"262":{"start":{"line":263,"column":0},"end":{"line":263,"column":18}},"263":{"start":{"line":264,"column":0},"end":{"line":264,"column":19}},"264":{"start":{"line":265,"column":0},"end":{"line":265,"column":21}},"265":{"start":{"line":266,"column":0},"end":{"line":266,"column":21}},"266":{"start":{"line":267,"column":0},"end":{"line":267,"column":16}},"267":{"start":{"line":268,"column":0},"end":{"line":268,"column":14}},"268":{"start":{"line":269,"column":0},"end":{"line":269,"column":15}},"269":{"start":{"line":270,"column":0},"end":{"line":270,"column":17}},"270":{"start":{"line":271,"column":0},"end":{"line":271,"column":3}},"271":{"start":{"line":272,"column":0},"end":{"line":272,"column":3}},"273":{"start":{"line":274,"column":0},"end":{"line":274,"column":32}},"274":{"start":{"line":275,"column":0},"end":{"line":275,"column":20}},"275":{"start":{"line":276,"column":0},"end":{"line":276,"column":65}},"277":{"start":{"line":278,"column":0},"end":{"line":278,"column":19}},"278":{"start":{"line":279,"column":0},"end":{"line":279,"column":60}},"279":{"start":{"line":280,"column":0},"end":{"line":280,"column":10}},"281":{"start":{"line":282,"column":0},"end":{"line":282,"column":43}},"282":{"start":{"line":283,"column":0},"end":{"line":283,"column":64}},"283":{"start":{"line":284,"column":0},"end":{"line":284,"column":3}},"284":{"start":{"line":285,"column":0},"end":{"line":285,"column":18}},"285":{"start":{"line":286,"column":0},"end":{"line":286,"column":2}},"287":{"start":{"line":288,"column":0},"end":{"line":288,"column":44}},"289":{"start":{"line":290,"column":0},"end":{"line":290,"column":39}},"291":{"start":{"line":292,"column":0},"end":{"line":292,"column":18}},"292":{"start":{"line":293,"column":0},"end":{"line":293,"column":56}},"295":{"start":{"line":296,"column":0},"end":{"line":296,"column":38}},"296":{"start":{"line":297,"column":0},"end":{"line":297,"column":2}},"298":{"start":{"line":299,"column":0},"end":{"line":299,"column":10}},"299":{"start":{"line":300,"column":0},"end":{"line":300,"column":4}},"300":{"start":{"line":301,"column":0},"end":{"line":301,"column":25}},"301":{"start":{"line":302,"column":0},"end":{"line":302,"column":14}},"303":{"start":{"line":304,"column":0},"end":{"line":304,"column":31}},"304":{"start":{"line":305,"column":0},"end":{"line":305,"column":62}},"305":{"start":{"line":306,"column":0},"end":{"line":306,"column":30}},"307":{"start":{"line":308,"column":0},"end":{"line":308,"column":68}},"308":{"start":{"line":309,"column":0},"end":{"line":309,"column":53}},"309":{"start":{"line":310,"column":0},"end":{"line":310,"column":13}},"310":{"start":{"line":311,"column":0},"end":{"line":311,"column":19}},"311":{"start":{"line":312,"column":0},"end":{"line":312,"column":23}},"312":{"start":{"line":313,"column":0},"end":{"line":313,"column":16}},"313":{"start":{"line":314,"column":0},"end":{"line":314,"column":34}},"314":{"start":{"line":315,"column":0},"end":{"line":315,"column":24}},"316":{"start":{"line":317,"column":0},"end":{"line":317,"column":30}},"317":{"start":{"line":318,"column":0},"end":{"line":318,"column":19}},"318":{"start":{"line":319,"column":0},"end":{"line":319,"column":37}},"319":{"start":{"line":320,"column":0},"end":{"line":320,"column":12}},"320":{"start":{"line":321,"column":0},"end":{"line":321,"column":11}},"322":{"start":{"line":323,"column":0},"end":{"line":323,"column":9}},"324":{"start":{"line":325,"column":0},"end":{"line":325,"column":51}},"325":{"start":{"line":326,"column":0},"end":{"line":326,"column":14}},"326":{"start":{"line":327,"column":0},"end":{"line":327,"column":20}},"327":{"start":{"line":328,"column":0},"end":{"line":328,"column":23}},"328":{"start":{"line":329,"column":0},"end":{"line":329,"column":16}},"329":{"start":{"line":330,"column":0},"end":{"line":330,"column":34}},"330":{"start":{"line":331,"column":0},"end":{"line":331,"column":26}},"331":{"start":{"line":332,"column":0},"end":{"line":332,"column":29}},"332":{"start":{"line":333,"column":0},"end":{"line":333,"column":18}},"333":{"start":{"line":334,"column":0},"end":{"line":334,"column":35}},"334":{"start":{"line":335,"column":0},"end":{"line":335,"column":10}},"335":{"start":{"line":336,"column":0},"end":{"line":336,"column":11}},"337":{"start":{"line":338,"column":0},"end":{"line":338,"column":9}},"339":{"start":{"line":340,"column":0},"end":{"line":340,"column":59}},"340":{"start":{"line":341,"column":0},"end":{"line":341,"column":14}},"341":{"start":{"line":342,"column":0},"end":{"line":342,"column":27}},"342":{"start":{"line":343,"column":0},"end":{"line":343,"column":20}},"343":{"start":{"line":344,"column":0},"end":{"line":344,"column":16}},"344":{"start":{"line":345,"column":0},"end":{"line":345,"column":26}},"345":{"start":{"line":346,"column":0},"end":{"line":346,"column":29}},"346":{"start":{"line":347,"column":0},"end":{"line":347,"column":18}},"347":{"start":{"line":348,"column":0},"end":{"line":348,"column":38}},"348":{"start":{"line":349,"column":0},"end":{"line":349,"column":12}},"350":{"start":{"line":351,"column":0},"end":{"line":351,"column":9}},"352":{"start":{"line":353,"column":0},"end":{"line":353,"column":53}},"353":{"start":{"line":354,"column":0},"end":{"line":354,"column":14}},"354":{"start":{"line":355,"column":0},"end":{"line":355,"column":23}},"355":{"start":{"line":356,"column":0},"end":{"line":356,"column":19}},"356":{"start":{"line":357,"column":0},"end":{"line":357,"column":16}},"357":{"start":{"line":358,"column":0},"end":{"line":358,"column":24}},"358":{"start":{"line":359,"column":0},"end":{"line":359,"column":27}},"359":{"start":{"line":360,"column":0},"end":{"line":360,"column":18}},"360":{"start":{"line":361,"column":0},"end":{"line":361,"column":36}},"361":{"start":{"line":362,"column":0},"end":{"line":362,"column":12}},"363":{"start":{"line":364,"column":0},"end":{"line":364,"column":9}},"365":{"start":{"line":366,"column":0},"end":{"line":366,"column":13}},"366":{"start":{"line":367,"column":0},"end":{"line":367,"column":13}},"368":{"start":{"line":369,"column":0},"end":{"line":369,"column":37}},"369":{"start":{"line":370,"column":0},"end":{"line":370,"column":32}},"371":{"start":{"line":372,"column":0},"end":{"line":372,"column":46}},"372":{"start":{"line":373,"column":0},"end":{"line":373,"column":15}},"373":{"start":{"line":374,"column":0},"end":{"line":374,"column":21}},"374":{"start":{"line":375,"column":0},"end":{"line":375,"column":20}},"375":{"start":{"line":376,"column":0},"end":{"line":376,"column":17}},"376":{"start":{"line":377,"column":0},"end":{"line":377,"column":35}},"377":{"start":{"line":378,"column":0},"end":{"line":378,"column":25}},"378":{"start":{"line":379,"column":0},"end":{"line":379,"column":28}},"379":{"start":{"line":380,"column":0},"end":{"line":380,"column":19}},"380":{"start":{"line":381,"column":0},"end":{"line":381,"column":34}},"381":{"start":{"line":382,"column":0},"end":{"line":382,"column":13}},"383":{"start":{"line":384,"column":0},"end":{"line":384,"column":10}},"385":{"start":{"line":386,"column":0},"end":{"line":386,"column":42}},"386":{"start":{"line":387,"column":0},"end":{"line":387,"column":15}},"387":{"start":{"line":388,"column":0},"end":{"line":388,"column":19}},"388":{"start":{"line":389,"column":0},"end":{"line":389,"column":21}},"389":{"start":{"line":390,"column":0},"end":{"line":390,"column":17}},"390":{"start":{"line":391,"column":0},"end":{"line":391,"column":35}},"391":{"start":{"line":392,"column":0},"end":{"line":392,"column":25}},"392":{"start":{"line":393,"column":0},"end":{"line":393,"column":28}},"393":{"start":{"line":394,"column":0},"end":{"line":394,"column":19}},"394":{"start":{"line":395,"column":0},"end":{"line":395,"column":32}},"395":{"start":{"line":396,"column":0},"end":{"line":396,"column":13}},"397":{"start":{"line":398,"column":0},"end":{"line":398,"column":10}},"399":{"start":{"line":400,"column":0},"end":{"line":400,"column":44}},"400":{"start":{"line":401,"column":0},"end":{"line":401,"column":16}},"401":{"start":{"line":402,"column":0},"end":{"line":402,"column":22}},"402":{"start":{"line":403,"column":0},"end":{"line":403,"column":19}},"403":{"start":{"line":404,"column":0},"end":{"line":404,"column":17}},"404":{"start":{"line":405,"column":0},"end":{"line":405,"column":27}},"405":{"start":{"line":406,"column":0},"end":{"line":406,"column":27}},"406":{"start":{"line":407,"column":0},"end":{"line":407,"column":19}},"407":{"start":{"line":408,"column":0},"end":{"line":408,"column":33}},"408":{"start":{"line":409,"column":0},"end":{"line":409,"column":13}},"411":{"start":{"line":412,"column":0},"end":{"line":412,"column":40}},"412":{"start":{"line":413,"column":0},"end":{"line":413,"column":70}},"414":{"start":{"line":415,"column":0},"end":{"line":415,"column":12}},"415":{"start":{"line":416,"column":0},"end":{"line":416,"column":17}},"417":{"start":{"line":418,"column":0},"end":{"line":418,"column":50}},"418":{"start":{"line":419,"column":0},"end":{"line":419,"column":15}},"419":{"start":{"line":420,"column":0},"end":{"line":420,"column":23}},"420":{"start":{"line":421,"column":0},"end":{"line":421,"column":23}},"421":{"start":{"line":422,"column":0},"end":{"line":422,"column":17}},"422":{"start":{"line":423,"column":0},"end":{"line":423,"column":25}},"423":{"start":{"line":424,"column":0},"end":{"line":424,"column":27}},"424":{"start":{"line":425,"column":0},"end":{"line":425,"column":28}},"425":{"start":{"line":426,"column":0},"end":{"line":426,"column":19}},"426":{"start":{"line":427,"column":0},"end":{"line":427,"column":35}},"427":{"start":{"line":428,"column":0},"end":{"line":428,"column":13}},"429":{"start":{"line":430,"column":0},"end":{"line":430,"column":10}},"430":{"start":{"line":431,"column":0},"end":{"line":431,"column":18}},"432":{"start":{"line":433,"column":0},"end":{"line":433,"column":55}},"433":{"start":{"line":434,"column":0},"end":{"line":434,"column":15}},"434":{"start":{"line":435,"column":0},"end":{"line":435,"column":27}},"435":{"start":{"line":436,"column":0},"end":{"line":436,"column":25}},"436":{"start":{"line":437,"column":0},"end":{"line":437,"column":16}},"437":{"start":{"line":438,"column":0},"end":{"line":438,"column":38}},"438":{"start":{"line":439,"column":0},"end":{"line":439,"column":26}},"439":{"start":{"line":440,"column":0},"end":{"line":440,"column":27}},"440":{"start":{"line":441,"column":0},"end":{"line":441,"column":19}},"441":{"start":{"line":442,"column":0},"end":{"line":442,"column":39}},"442":{"start":{"line":443,"column":0},"end":{"line":443,"column":13}},"445":{"start":{"line":446,"column":0},"end":{"line":446,"column":49}},"446":{"start":{"line":447,"column":0},"end":{"line":447,"column":89}},"447":{"start":{"line":448,"column":0},"end":{"line":448,"column":11}},"448":{"start":{"line":449,"column":0},"end":{"line":449,"column":16}},"450":{"start":{"line":451,"column":0},"end":{"line":451,"column":15}},"451":{"start":{"line":452,"column":0},"end":{"line":452,"column":21}},"452":{"start":{"line":453,"column":0},"end":{"line":453,"column":23}},"453":{"start":{"line":454,"column":0},"end":{"line":454,"column":29}},"454":{"start":{"line":455,"column":0},"end":{"line":455,"column":8}},"456":{"start":{"line":457,"column":0},"end":{"line":457,"column":16}},"457":{"start":{"line":458,"column":0},"end":{"line":458,"column":12}},"459":{"start":{"line":460,"column":0},"end":{"line":460,"column":10}},"461":{"start":{"line":462,"column":0},"end":{"line":462,"column":9}},"462":{"start":{"line":463,"column":0},"end":{"line":463,"column":65}},"465":{"start":{"line":466,"column":0},"end":{"line":466,"column":5}},"467":{"start":{"line":468,"column":0},"end":{"line":468,"column":1}}},"s":{"0":1,"1":1,"2":1,"3":1,"4":1,"5":1,"10":74,"11":74,"12":74,"13":74,"14":74,"15":74,"16":74,"17":74,"18":74,"19":74,"20":74,"21":74,"22":74,"23":74,"24":74,"25":74,"26":74,"27":74,"28":74,"29":74,"30":74,"31":74,"32":74,"33":74,"34":74,"35":74,"36":74,"37":74,"38":74,"39":74,"40":74,"41":74,"42":74,"43":74,"44":74,"45":74,"46":74,"47":74,"48":74,"49":74,"50":74,"51":74,"52":74,"53":74,"54":74,"55":74,"56":74,"57":74,"58":74,"59":74,"60":74,"61":74,"62":74,"63":74,"64":74,"65":74,"66":74,"67":74,"68":74,"69":74,"70":74,"71":74,"72":74,"73":74,"74":74,"75":74,"76":74,"77":74,"78":74,"79":74,"80":74,"81":74,"82":74,"83":74,"84":74,"85":74,"86":74,"87":74,"88":74,"89":74,"90":74,"91":74,"92":74,"93":74,"94":74,"95":74,"96":74,"97":74,"98":74,"99":74,"100":74,"101":74,"102":74,"103":74,"104":74,"105":74,"106":74,"107":74,"108":74,"109":74,"110":74,"111":74,"112":74,"113":74,"114":74,"115":74,"116":74,"117":74,"118":74,"119":74,"120":74,"121":74,"122":74,"123":74,"124":74,"125":74,"126":74,"127":74,"128":74,"129":74,"130":74,"131":74,"132":74,"133":74,"134":74,"135":74,"136":74,"137":74,"138":74,"139":74,"140":74,"141":74,"142":74,"143":74,"144":74,"145":74,"146":74,"147":74,"148":74,"149":74,"150":74,"151":74,"152":74,"153":74,"154":74,"155":74,"156":74,"157":74,"158":74,"159":74,"160":74,"161":74,"162":74,"163":74,"164":74,"165":74,"166":74,"167":74,"168":74,"169":74,"170":74,"171":74,"172":74,"173":74,"174":74,"175":74,"176":74,"177":74,"178":74,"179":74,"180":74,"181":74,"182":74,"183":74,"184":74,"185":74,"186":74,"187":74,"188":74,"189":74,"190":74,"191":74,"192":74,"193":74,"194":74,"195":74,"196":74,"197":74,"198":74,"199":74,"200":74,"201":74,"202":74,"203":74,"204":74,"205":74,"206":74,"207":74,"208":74,"209":74,"210":74,"211":74,"212":74,"213":74,"214":74,"215":74,"216":74,"217":74,"218":74,"219":74,"220":74,"221":74,"222":74,"223":74,"224":74,"225":74,"226":74,"227":74,"228":74,"229":74,"230":74,"231":74,"232":74,"233":74,"234":74,"235":74,"236":74,"237":74,"238":74,"239":74,"240":74,"241":74,"242":74,"243":74,"244":74,"245":74,"246":74,"247":74,"248":74,"250":74,"251":74,"252":74,"253":74,"254":74,"255":74,"256":74,"258":74,"260":7,"261":7,"262":7,"263":7,"264":7,"265":7,"266":7,"267":7,"268":7,"269":7,"270":7,"271":74,"273":74,"274":2,"275":2,"277":2,"278":1,"279":1,"281":1,"282":1,"283":1,"284":2,"285":2,"287":74,"289":74,"291":9,"292":9,"295":9,"296":9,"298":74,"299":74,"300":74,"301":74,"303":74,"304":74,"305":74,"307":74,"308":74,"309":74,"310":74,"311":74,"312":74,"313":74,"314":74,"316":7,"317":7,"318":7,"319":7,"320":7,"322":74,"324":74,"325":74,"326":74,"327":74,"328":74,"329":74,"330":74,"331":6,"332":6,"333":6,"334":6,"335":6,"337":74,"339":74,"340":74,"341":74,"342":74,"343":74,"344":74,"345":2,"346":2,"347":2,"348":2,"350":74,"352":74,"353":74,"354":74,"355":74,"356":74,"357":74,"358":2,"359":2,"360":2,"361":2,"363":74,"365":74,"366":74,"368":74,"369":74,"371":74,"372":74,"373":74,"374":74,"375":74,"376":74,"377":74,"378":22,"379":22,"380":22,"381":22,"383":74,"385":74,"386":74,"387":74,"388":74,"389":74,"390":74,"391":74,"392":12,"393":12,"394":12,"395":12,"397":74,"399":74,"400":74,"401":74,"402":74,"403":74,"404":74,"405":0,"406":0,"407":0,"408":0,"411":74,"412":4366,"414":74,"415":74,"417":74,"418":74,"419":74,"420":74,"421":74,"422":74,"423":74,"424":10,"425":10,"426":10,"427":10,"429":74,"430":74,"432":74,"433":74,"434":74,"435":74,"436":74,"437":74,"438":74,"439":2,"440":2,"441":2,"442":2,"445":74,"446":370,"447":74,"448":74,"450":74,"451":74,"452":74,"453":74,"454":74,"456":74,"457":74,"459":74,"461":74,"462":74,"465":74,"467":74},"branchMap":{"0":{"type":"branch","line":11,"loc":{"start":{"line":11,"column":0},"end":{"line":468,"column":1}},"locations":[{"start":{"line":11,"column":0},"end":{"line":468,"column":1}}]},"1":{"type":"branch","line":438,"loc":{"start":{"line":438,"column":20},"end":{"line":438,"column":38}},"locations":[{"start":{"line":438,"column":20},"end":{"line":438,"column":38}}]},"2":{"type":"branch","line":259,"loc":{"start":{"line":259,"column":35},"end":{"line":272,"column":2}},"locations":[{"start":{"line":259,"column":35},"end":{"line":272,"column":2}}]},"3":{"type":"branch","line":274,"loc":{"start":{"line":274,"column":22},"end":{"line":286,"column":2}},"locations":[{"start":{"line":274,"column":22},"end":{"line":286,"column":2}}]},"4":{"type":"branch","line":278,"loc":{"start":{"line":278,"column":18},"end":{"line":284,"column":3}},"locations":[{"start":{"line":278,"column":18},"end":{"line":284,"column":3}}]},"5":{"type":"branch","line":290,"loc":{"start":{"line":290,"column":27},"end":{"line":297,"column":2}},"locations":[{"start":{"line":290,"column":27},"end":{"line":297,"column":2}}]},"6":{"type":"branch","line":315,"loc":{"start":{"line":315,"column":18},"end":{"line":321,"column":11}},"locations":[{"start":{"line":315,"column":18},"end":{"line":321,"column":11}}]},"7":{"type":"branch","line":317,"loc":{"start":{"line":317,"column":18},"end":{"line":320,"column":12}},"locations":[{"start":{"line":317,"column":18},"end":{"line":320,"column":12}}]},"8":{"type":"branch","line":331,"loc":{"start":{"line":331,"column":18},"end":{"line":336,"column":11}},"locations":[{"start":{"line":331,"column":18},"end":{"line":336,"column":11}}]},"9":{"type":"branch","line":332,"loc":{"start":{"line":332,"column":17},"end":{"line":335,"column":10}},"locations":[{"start":{"line":332,"column":17},"end":{"line":335,"column":10}}]},"10":{"type":"branch","line":345,"loc":{"start":{"line":345,"column":18},"end":{"line":349,"column":12}},"locations":[{"start":{"line":345,"column":18},"end":{"line":349,"column":12}}]},"11":{"type":"branch","line":346,"loc":{"start":{"line":346,"column":17},"end":{"line":349,"column":11}},"locations":[{"start":{"line":346,"column":17},"end":{"line":349,"column":11}}]},"12":{"type":"branch","line":358,"loc":{"start":{"line":358,"column":18},"end":{"line":362,"column":12}},"locations":[{"start":{"line":358,"column":18},"end":{"line":362,"column":12}}]},"13":{"type":"branch","line":359,"loc":{"start":{"line":359,"column":17},"end":{"line":362,"column":11}},"locations":[{"start":{"line":359,"column":17},"end":{"line":362,"column":11}}]},"14":{"type":"branch","line":378,"loc":{"start":{"line":378,"column":19},"end":{"line":382,"column":13}},"locations":[{"start":{"line":378,"column":19},"end":{"line":382,"column":13}}]},"15":{"type":"branch","line":379,"loc":{"start":{"line":379,"column":18},"end":{"line":382,"column":12}},"locations":[{"start":{"line":379,"column":18},"end":{"line":382,"column":12}}]},"16":{"type":"branch","line":392,"loc":{"start":{"line":392,"column":19},"end":{"line":396,"column":13}},"locations":[{"start":{"line":392,"column":19},"end":{"line":396,"column":13}}]},"17":{"type":"branch","line":393,"loc":{"start":{"line":393,"column":18},"end":{"line":396,"column":12}},"locations":[{"start":{"line":393,"column":18},"end":{"line":396,"column":12}}]},"18":{"type":"branch","line":412,"loc":{"start":{"line":412,"column":21},"end":{"line":413,"column":70}},"locations":[{"start":{"line":412,"column":21},"end":{"line":413,"column":70}}]},"19":{"type":"branch","line":424,"loc":{"start":{"line":424,"column":19},"end":{"line":428,"column":13}},"locations":[{"start":{"line":424,"column":19},"end":{"line":428,"column":13}}]},"20":{"type":"branch","line":425,"loc":{"start":{"line":425,"column":18},"end":{"line":428,"column":12}},"locations":[{"start":{"line":425,"column":18},"end":{"line":428,"column":12}}]},"21":{"type":"branch","line":439,"loc":{"start":{"line":439,"column":18},"end":{"line":443,"column":13}},"locations":[{"start":{"line":439,"column":18},"end":{"line":443,"column":13}}]},"22":{"type":"branch","line":440,"loc":{"start":{"line":440,"column":17},"end":{"line":443,"column":12}},"locations":[{"start":{"line":440,"column":17},"end":{"line":443,"column":12}}]},"23":{"type":"branch","line":446,"loc":{"start":{"line":446,"column":26},"end":{"line":447,"column":89}},"locations":[{"start":{"line":446,"column":26},"end":{"line":447,"column":89}}]}},"b":{"0":[74],"1":[70],"2":[7],"3":[2],"4":[1],"5":[9],"6":[7],"7":[7],"8":[6],"9":[6],"10":[2],"11":[2],"12":[2],"13":[2],"14":[22],"15":[22],"16":[12],"17":[12],"18":[4366],"19":[10],"20":[10],"21":[2],"22":[2],"23":[370]},"fnMap":{"0":{"name":"Home","decl":{"start":{"line":11,"column":0},"end":{"line":468,"column":1}},"loc":{"start":{"line":11,"column":0},"end":{"line":468,"column":1}},"line":11},"1":{"name":"saveEmployee","decl":{"start":{"line":274,"column":22},"end":{"line":286,"column":2}},"loc":{"start":{"line":274,"column":22},"end":{"line":286,"column":2}},"line":274},"2":{"name":"handleModalChange","decl":{"start":{"line":290,"column":27},"end":{"line":297,"column":2}},"loc":{"start":{"line":290,"column":27},"end":{"line":297,"column":2}},"line":290},"3":{"name":"onChange","decl":{"start":{"line":315,"column":18},"end":{"line":321,"column":11}},"loc":{"start":{"line":315,"column":18},"end":{"line":321,"column":11}},"line":315},"4":{"name":"onChange","decl":{"start":{"line":331,"column":18},"end":{"line":336,"column":11}},"loc":{"start":{"line":331,"column":18},"end":{"line":336,"column":11}},"line":331},"5":{"name":"onChange","decl":{"start":{"line":345,"column":18},"end":{"line":349,"column":12}},"loc":{"start":{"line":345,"column":18},"end":{"line":349,"column":12}},"line":345},"6":{"name":"onChange","decl":{"start":{"line":358,"column":18},"end":{"line":362,"column":12}},"loc":{"start":{"line":358,"column":18},"end":{"line":362,"column":12}},"line":358},"7":{"name":"onChange","decl":{"start":{"line":378,"column":19},"end":{"line":382,"column":13}},"loc":{"start":{"line":378,"column":19},"end":{"line":382,"column":13}},"line":378},"8":{"name":"onChange","decl":{"start":{"line":392,"column":19},"end":{"line":396,"column":13}},"loc":{"start":{"line":392,"column":19},"end":{"line":396,"column":13}},"line":392},"9":{"name":"onChange","decl":{"start":{"line":405,"column":19},"end":{"line":409,"column":13}},"loc":{"start":{"line":405,"column":19},"end":{"line":409,"column":13}},"line":405},"10":{"name":"onChange","decl":{"start":{"line":424,"column":19},"end":{"line":428,"column":13}},"loc":{"start":{"line":424,"column":19},"end":{"line":428,"column":13}},"line":424},"11":{"name":"onChange","decl":{"start":{"line":439,"column":18},"end":{"line":443,"column":13}},"loc":{"start":{"line":439,"column":18},"end":{"line":443,"column":13}},"line":439}},"f":{"0":74,"1":2,"2":9,"3":7,"4":6,"5":2,"6":2,"7":22,"8":12,"9":0,"10":10,"11":2}}
,"C:\\Labs\\Cours_2k20_2K21_2k22\\OpenClassRooms\\P_14_Jason_KANDO\\P14-HRnet\\src\\Page\\Layout\\views\\layout.jsx": {"path":"C:\\Labs\\Cours_2k20_2K21_2k22\\OpenClassRooms\\P_14_Jason_KANDO\\P14-HRnet\\src\\Page\\Layout\\views\\layout.jsx","all":true,"statementMap":{"0":{"start":{"line":1,"column":0},"end":{"line":1,"column":25}},"2":{"start":{"line":3,"column":0},"end":{"line":3,"column":34}},"3":{"start":{"line":4,"column":0},"end":{"line":4,"column":10}},"4":{"start":{"line":5,"column":0},"end":{"line":5,"column":5}},"5":{"start":{"line":6,"column":0},"end":{"line":6,"column":13}},"7":{"start":{"line":8,"column":0},"end":{"line":8,"column":32}},"8":{"start":{"line":9,"column":0},"end":{"line":9,"column":14}},"9":{"start":{"line":10,"column":0},"end":{"line":10,"column":10}},"10":{"start":{"line":11,"column":0},"end":{"line":11,"column":4}},"12":{"start":{"line":13,"column":0},"end":{"line":13,"column":1}}},"s":{"0":0,"2":0,"3":0,"4":0,"5":0,"7":0,"8":0,"9":0,"10":0,"12":0},"branchMap":{"0":{"type":"branch","line":1,"loc":{"start":{"line":1,"column":175},"end":{"line":13,"column":1}},"locations":[{"start":{"line":1,"column":175},"end":{"line":13,"column":1}}]}},"b":{"0":[0]},"fnMap":{"0":{"name":"(empty-report)","decl":{"start":{"line":1,"column":175},"end":{"line":13,"column":1}},"loc":{"start":{"line":1,"column":175},"end":{"line":13,"column":1}},"line":1}},"f":{"0":0}}
,"C:\\Labs\\Cours_2k20_2K21_2k22\\OpenClassRooms\\P_14_Jason_KANDO\\P14-HRnet\\src\\router\\router.jsx": {"path":"C:\\Labs\\Cours_2k20_2K21_2k22\\OpenClassRooms\\P_14_Jason_KANDO\\P14-HRnet\\src\\router\\router.jsx","all":false,"statementMap":{"0":{"start":{"line":1,"column":0},"end":{"line":1,"column":38}},"1":{"start":{"line":2,"column":0},"end":{"line":2,"column":59}},"4":{"start":{"line":5,"column":0},"end":{"line":5,"column":64}},"5":{"start":{"line":6,"column":0},"end":{"line":6,"column":58}},"6":{"start":{"line":7,"column":0},"end":{"line":7,"column":71}},"7":{"start":{"line":8,"column":0},"end":{"line":8,"column":60}},"9":{"start":{"line":10,"column":0},"end":{"line":10,"column":34}},"10":{"start":{"line":11,"column":0},"end":{"line":11,"column":9}},"11":{"start":{"line":12,"column":0},"end":{"line":12,"column":17}},"12":{"start":{"line":13,"column":0},"end":{"line":13,"column":59}},"13":{"start":{"line":14,"column":0},"end":{"line":14,"column":12}},"14":{"start":{"line":15,"column":0},"end":{"line":15,"column":44}},"15":{"start":{"line":16,"column":0},"end":{"line":16,"column":40}},"16":{"start":{"line":17,"column":0},"end":{"line":17,"column":57}},"17":{"start":{"line":18,"column":0},"end":{"line":18,"column":46}},"18":{"start":{"line":19,"column":0},"end":{"line":19,"column":14}},"19":{"start":{"line":20,"column":0},"end":{"line":20,"column":13}},"20":{"start":{"line":21,"column":0},"end":{"line":21,"column":14}},"21":{"start":{"line":22,"column":0},"end":{"line":22,"column":18}},"23":{"start":{"line":24,"column":0},"end":{"line":24,"column":1}}},"s":{"0":1,"1":1,"4":1,"5":1,"6":1,"7":1,"9":2,"10":2,"11":2,"12":2,"13":2,"14":2,"15":2,"16":2,"17":2,"18":2,"19":2,"20":2,"21":2,"23":2},"branchMap":{"0":{"type":"branch","line":6,"loc":{"start":{"line":6,"column":18},"end":{"line":6,"column":58}},"locations":[{"start":{"line":6,"column":18},"end":{"line":6,"column":58}}]},"1":{"type":"branch","line":7,"loc":{"start":{"line":7,"column":23},"end":{"line":7,"column":71}},"locations":[{"start":{"line":7,"column":23},"end":{"line":7,"column":71}}]},"2":{"type":"branch","line":10,"loc":{"start":{"line":10,"column":0},"end":{"line":24,"column":1}},"locations":[{"start":{"line":10,"column":0},"end":{"line":24,"column":1}}]}},"b":{"0":[1],"1":[1],"2":[2]},"fnMap":{"0":{"name":"Router","decl":{"start":{"line":10,"column":0},"end":{"line":24,"column":1}},"loc":{"start":{"line":10,"column":0},"end":{"line":24,"column":1}},"line":10}},"f":{"0":2}}
}
